03-Dec-2024 10:55:56.985 INFORMACIÓN [main] org.apache.catalina.startup.VersionLoggerListener.log Nombre de la versión del servidor: Apache Tomcat/8.5.99
03-Dec-2024 10:55:56.990 INFORMACIÓN [main] org.apache.catalina.startup.VersionLoggerListener.log Server built:                      Feb 14 2024 22:52:13 UTC
03-Dec-2024 10:55:56.991 INFORMACIÓN [main] org.apache.catalina.startup.VersionLoggerListener.log Número de versión de servidor:     8.5.99.0
03-Dec-2024 10:55:56.991 INFORMACIÓN [main] org.apache.catalina.startup.VersionLoggerListener.log OS Name:                           Linux
03-Dec-2024 10:55:56.991 INFORMACIÓN [main] org.apache.catalina.startup.VersionLoggerListener.log Versión de Systema Operativo:      6.8.0-48-generic
03-Dec-2024 10:55:56.992 INFORMACIÓN [main] org.apache.catalina.startup.VersionLoggerListener.log Arquitectura:                      amd64
03-Dec-2024 10:55:56.992 INFORMACIÓN [main] org.apache.catalina.startup.VersionLoggerListener.log Java Home:                         /usr/lib/jvm/java-21-openjdk-amd64
03-Dec-2024 10:55:56.992 INFORMACIÓN [main] org.apache.catalina.startup.VersionLoggerListener.log JVM Version:                       21.0.5+11-Ubuntu-1ubuntu124.04
03-Dec-2024 10:55:56.992 INFORMACIÓN [main] org.apache.catalina.startup.VersionLoggerListener.log Vededor JVM:                       Ubuntu
03-Dec-2024 10:55:56.992 INFORMACIÓN [main] org.apache.catalina.startup.VersionLoggerListener.log CATALINA_BASE:                     /home/sebastian/Documentos/Distribuidos/T7/apache-tomcat-8.5.99
03-Dec-2024 10:55:56.992 INFORMACIÓN [main] org.apache.catalina.startup.VersionLoggerListener.log CATALINA_HOME:                     /home/sebastian/Documentos/Distribuidos/T7/apache-tomcat-8.5.99
03-Dec-2024 10:55:56.994 INFORMACIÓN [main] org.apache.catalina.startup.VersionLoggerListener.log Command line argument:             --add-opens=java.base/java.lang=ALL-UNNAMED
03-Dec-2024 10:55:56.995 INFORMACIÓN [main] org.apache.catalina.startup.VersionLoggerListener.log Command line argument:             --add-opens=java.base/java.io=ALL-UNNAMED
03-Dec-2024 10:55:56.995 INFORMACIÓN [main] org.apache.catalina.startup.VersionLoggerListener.log Command line argument:             --add-opens=java.base/java.util=ALL-UNNAMED
03-Dec-2024 10:55:56.995 INFORMACIÓN [main] org.apache.catalina.startup.VersionLoggerListener.log Command line argument:             --add-opens=java.base/java.util.concurrent=ALL-UNNAMED
03-Dec-2024 10:55:56.995 INFORMACIÓN [main] org.apache.catalina.startup.VersionLoggerListener.log Command line argument:             --add-opens=java.rmi/sun.rmi.transport=ALL-UNNAMED
03-Dec-2024 10:55:56.995 INFORMACIÓN [main] org.apache.catalina.startup.VersionLoggerListener.log Command line argument:             -Djava.util.logging.config.file=/home/sebastian/Documentos/Distribuidos/T7/apache-tomcat-8.5.99/conf/logging.properties
03-Dec-2024 10:55:56.996 INFORMACIÓN [main] org.apache.catalina.startup.VersionLoggerListener.log Command line argument:             -Djava.util.logging.manager=org.apache.juli.ClassLoaderLogManager
03-Dec-2024 10:55:56.996 INFORMACIÓN [main] org.apache.catalina.startup.VersionLoggerListener.log Command line argument:             -Djdk.tls.ephemeralDHKeySize=2048
03-Dec-2024 10:55:56.996 INFORMACIÓN [main] org.apache.catalina.startup.VersionLoggerListener.log Command line argument:             -Djava.protocol.handler.pkgs=org.apache.catalina.webresources
03-Dec-2024 10:55:56.996 INFORMACIÓN [main] org.apache.catalina.startup.VersionLoggerListener.log Command line argument:             -Dorg.apache.catalina.security.SecurityListener.UMASK=0027
03-Dec-2024 10:55:56.996 INFORMACIÓN [main] org.apache.catalina.startup.VersionLoggerListener.log Command line argument:             -Dignore.endorsed.dirs=
03-Dec-2024 10:55:56.997 INFORMACIÓN [main] org.apache.catalina.startup.VersionLoggerListener.log Command line argument:             -Dcatalina.base=/home/sebastian/Documentos/Distribuidos/T7/apache-tomcat-8.5.99
03-Dec-2024 10:55:56.997 INFORMACIÓN [main] org.apache.catalina.startup.VersionLoggerListener.log Command line argument:             -Dcatalina.home=/home/sebastian/Documentos/Distribuidos/T7/apache-tomcat-8.5.99
03-Dec-2024 10:55:56.997 INFORMACIÓN [main] org.apache.catalina.startup.VersionLoggerListener.log Command line argument:             -Djava.io.tmpdir=/home/sebastian/Documentos/Distribuidos/T7/apache-tomcat-8.5.99/temp
03-Dec-2024 10:55:56.997 INFORMACIÓN [main] org.apache.catalina.core.AprLifecycleListener.lifecycleEvent La biblioteca nativa de Apache Tomcat basada en ARP que permite un rendimiento óptimo en entornos de desarrollo no ha sido hallada en java.library.path: [/usr/java/packages/lib:/usr/lib/x86_64-linux-gnu/jni:/lib/x86_64-linux-gnu:/usr/lib/x86_64-linux-gnu:/usr/lib/jni:/lib:/usr/lib]
03-Dec-2024 10:55:57.078 INFORMACIÓN [main] org.apache.coyote.AbstractProtocol.init Inicializando el manejador de protocolo ["http-nio-8080"]

03-Dec-2024 10:55:57.119 INFORMACIÓN [main] org.apache.catalina.startup.Catalina.load Initialization processed in 882 ms
03-Dec-2024 10:55:57.180 INFORMACIÓN [main] org.apache.catalina.core.StandardService.startInternal Arrancando servicio [Catalina]
03-Dec-2024 10:55:57.180 INFORMACIÓN [main] org.apache.catalina.core.StandardEngine.startInternal Starting Servlet engine: [Apache Tomcat/8.5.99]
03-Dec-2024 10:55:57.191 INFORMACIÓN [localhost-startStop-1] org.apache.catalina.startup.HostConfig.deployDirectory Desplegando el directorio [/home/sebastian/Documentos/Distribuidos/T7/apache-tomcat-8.5.99/webapps/ROOT] de la aplicación web
03-Dec-2024 10:55:58.474 INFORMACIÓN [localhost-startStop-1] org.apache.jasper.servlet.TldScanner.scanJars Al menos un JAR, que se ha explorado buscando TLDs, aún no contenía TLDs. Activar historial de depuración para este historiador para una completa lista de los JARs que fueron explorados y de los que nos se halló TLDs. Saltarse JARs no necesarios durante la exploración puede dar lugar a una mejora de tiempo significativa en el arranque y compilación de JSP .
03-Dec-2024 10:55:58.530 INFORMACIÓN [localhost-startStop-1] org.apache.catalina.startup.HostConfig.deployDirectory Deployment of web application directory [/home/sebastian/Documentos/Distribuidos/T7/apache-tomcat-8.5.99/webapps/ROOT] has finished in [1.334] ms
03-Dec-2024 10:55:58.534 INFORMACIÓN [main] org.apache.coyote.AbstractProtocol.start Starting ProtocolHandler ["http-nio-8080"]
03-Dec-2024 10:55:58.547 INFORMACIÓN [main] org.apache.catalina.startup.Catalina.start Server startup in 1425 ms
03-Dec-2024 10:56:32.055 INFORMACIÓN [main] org.apache.catalina.core.StandardServer.await Se ha recibido un comando de apagado a través del puerto de apagado. Parando la instancia del Servidor.
03-Dec-2024 10:56:32.056 INFORMACIÓN [main] org.apache.coyote.AbstractProtocol.pause Pausing ProtocolHandler ["http-nio-8080"]
03-Dec-2024 10:56:32.060 INFORMACIÓN [main] org.apache.catalina.core.StandardService.stopInternal Parando servicio [Catalina]
03-Dec-2024 10:56:32.077 INFORMACIÓN [main] org.apache.coyote.AbstractProtocol.stop Stopping ProtocolHandler ["http-nio-8080"]
03-Dec-2024 10:56:32.083 INFORMACIÓN [main] org.apache.coyote.AbstractProtocol.destroy Destroying ProtocolHandler ["http-nio-8080"]
